<?xml version="1.0" encoding="UTF-8"?>
<!-- Generated by org.testng.reporters.JUnitReportReporter -->
<testsuite skipped="0" hostname="DESKTOP-GS0ADV1" name="com.mindtree.tests.LoginTest" tests="3" failures="0" timestamp="24 May 2019 15:59:20 GMT" time="27.519" errors="0">
  <testcase name="loginPageTitleTest" time="2.026" classname="com.mindtree.tests.LoginTest"/>
  <testcase name="signInButtonTest" time="0.052" classname="com.mindtree.tests.LoginTest"/>
  <testcase name="loginMethod" time="25.441" classname="com.mindtree.tests.LoginTest"/>
</testsuite> <!-- com.mindtree.tests.LoginTest -->
